Determining if the pthread_create exist failed with the following output:
Change Dir: /home/konrad/catkin_ws/build/CMakeFiles/CMakeTmp

Run Build Command:"/usr/bin/make" "cmTC_24ab2/fast"
/usr/bin/make -f CMakeFiles/cmTC_24ab2.dir/build.make CMakeFiles/cmTC_24ab2.dir/build
make[1]: Wejście do katalogu '/home/konrad/catkin_ws/build/CMakeFiles/CMakeTmp'
Building C object CMakeFiles/cmTC_24ab2.dir/CheckSymbolExists.c.o
/usr/bin/cc     -o CMakeFiles/cmTC_24ab2.dir/CheckSymbolExists.c.o   -c /home/konrad/catkin_ws/build/CMakeFiles/CMakeTmp/CheckSymbolExists.c
Linking C executable cmTC_24ab2
/usr/bin/cmake -E cmake_link_script CMakeFiles/cmTC_24ab2.dir/link.txt --verbose=1
/usr/bin/cc       CMakeFiles/cmTC_24ab2.dir/CheckSymbolExists.c.o  -o cmTC_24ab2 -rdynamic 
CMakeFiles/cmTC_24ab2.dir/CheckSymbolExists.c.o: In function `main':
CheckSymbolExists.c:(.text+0x16): undefined reference to `pthread_create'
collect2: error: ld returned 1 exit status
CMakeFiles/cmTC_24ab2.dir/build.make:97: polecenia dla obiektu 'cmTC_24ab2' nie powiodły się
make[1]: *** [cmTC_24ab2] Błąd 1
make[1]: Opuszczenie katalogu '/home/konrad/catkin_ws/build/CMakeFiles/CMakeTmp'
Makefile:126: polecenia dla obiektu 'cmTC_24ab2/fast' nie powiodły się
make: *** [cmTC_24ab2/fast] Błąd 2

File /home/konrad/catkin_ws/build/CMakeFiles/CMakeTmp/CheckSymbolExists.c:
/* */
#include <pthread.h>

int main(int argc, char** argv)
{
  (void)argv;
#ifndef pthread_create
  return ((int*)(&pthread_create))[argc];
#else
  (void)argc;
  return 0;
#endif
}

Determining if the function pthread_create exists in the pthreads failed with the following output:
Change Dir: /home/konrad/catkin_ws/build/CMakeFiles/CMakeTmp

Run Build Command:"/usr/bin/make" "cmTC_2329d/fast"
/usr/bin/make -f CMakeFiles/cmTC_2329d.dir/build.make CMakeFiles/cmTC_2329d.dir/build
make[1]: Wejście do katalogu '/home/konrad/catkin_ws/build/CMakeFiles/CMakeTmp'
Building C object CMakeFiles/cmTC_2329d.dir/CheckFunctionExists.c.o
/usr/bin/cc    -DCHECK_FUNCTION_EXISTS=pthread_create   -o CMakeFiles/cmTC_2329d.dir/CheckFunctionExists.c.o   -c /usr/share/cmake-3.5/Modules/CheckFunctionExists.c
Linking C executable cmTC_2329d
/usr/bin/cmake -E cmake_link_script CMakeFiles/cmTC_2329d.dir/link.txt --verbose=1
/usr/bin/cc   -DCHECK_FUNCTION_EXISTS=pthread_create    CMakeFiles/cmTC_2329d.dir/CheckFunctionExists.c.o  -o cmTC_2329d -rdynamic -lpthreads 
/usr/bin/ld: cannot find -lpthreads
collect2: error: ld returned 1 exit status
CMakeFiles/cmTC_2329d.dir/build.make:97: polecenia dla obiektu 'cmTC_2329d' nie powiodły się
make[1]: *** [cmTC_2329d] Błąd 1
make[1]: Opuszczenie katalogu '/home/konrad/catkin_ws/build/CMakeFiles/CMakeTmp'
Makefile:126: polecenia dla obiektu 'cmTC_2329d/fast' nie powiodły się
make: *** [cmTC_2329d/fast] Błąd 2


